<?xml version="1.0" encoding="UTF-8"?>
<!-- Generated by org.testng.reporters.JUnitXMLReporter -->
<testsuite ignored="0" hostname="ALIYAPARVEEN" failures="0" tests="5" name="Default test" time="8.625" errors="0" timestamp="2020-09-22T10:16:08 CDT">
  <testcase classname="dataDrivenTC.postEmployee" name="postEmployeeMethod" time="5.169"/>
  <testcase classname="dataDrivenTC.postEmployee" name="postEmployeeMethod" time="0.388"/>
  <testcase classname="dataDrivenTC.postEmployee" name="postEmployeeMethod" time="0.417"/>
  <testcase classname="dataDrivenTC.postEmployee" name="postEmployeeMethod" time="0.41"/>
  <testcase classname="dataDrivenTC.postEmployee" name="postEmployeeMethod" time="0.429"/>
</testsuite> <!-- Default test -->
