<?xml version="1.0" encoding="UTF-8"?>
<testng-results ignored="0" total="5" passed="5" failed="0" skipped="0">
  <reporter-output>
  </reporter-output>
  <suite started-at="2020-09-22T10:15:59 CDT" name="Default suite" finished-at="2020-09-22T10:16:08 CDT" duration-ms="8625">
    <groups>
    </groups>
    <test started-at="2020-09-22T10:15:59 CDT" name="Default test" finished-at="2020-09-22T10:16:08 CDT" duration-ms="8625">
      <class name="dataDrivenTC.postEmployee">
        <test-method signature="postEmployeeMethod(java.lang.String, java.lang.String, java.lang.String)[pri:0, instance:dataDrivenTC.postEmployee@14d3bc22]" started-at="2020-09-22T10:16:01 CDT" name="postEmployeeMethod" data-provider="dataProviderName" finished-at="2020-09-22T10:16:06 CDT" duration-ms="5169" status="PASS">
          <params>
            <param index="0">
              <value>
                <![CDATA[amit]]>
              </value>
            </param>
            <param index="1">
              <value>
                <![CDATA[100]]>
              </value>
            </param>
            <param index="2">
              <value>
                <![CDATA[25]]>
              </value>
            </param>
          </params>
          <reporter-output>
          </reporter-output>
        </test-method> <!-- postEmployeeMethod -->
        <test-method signature="postEmployeeMethod(java.lang.String, java.lang.String, java.lang.String)[pri:0, instance:dataDrivenTC.postEmployee@14d3bc22]" started-at="2020-09-22T10:16:06 CDT" name="postEmployeeMethod" data-provider="dataProviderName" finished-at="2020-09-22T10:16:07 CDT" duration-ms="388" status="PASS">
          <params>
            <param index="0">
              <value>
                <![CDATA[kumar]]>
              </value>
            </param>
            <param index="1">
              <value>
                <![CDATA[200]]>
              </value>
            </param>
            <param index="2">
              <value>
                <![CDATA[26]]>
              </value>
            </param>
          </params>
          <reporter-output>
          </reporter-output>
        </test-method> <!-- postEmployeeMethod -->
        <test-method signature="postEmployeeMethod(java.lang.String, java.lang.String, java.lang.String)[pri:0, instance:dataDrivenTC.postEmployee@14d3bc22]" started-at="2020-09-22T10:16:07 CDT" name="postEmployeeMethod" data-provider="dataProviderName" finished-at="2020-09-22T10:16:07 CDT" duration-ms="417" status="PASS">
          <params>
            <param index="0">
              <value>
                <![CDATA[singh]]>
              </value>
            </param>
            <param index="1">
              <value>
                <![CDATA[300]]>
              </value>
            </param>
            <param index="2">
              <value>
                <![CDATA[27]]>
              </value>
            </param>
          </params>
          <reporter-output>
          </reporter-output>
        </test-method> <!-- postEmployeeMethod -->
        <test-method signature="postEmployeeMethod(java.lang.String, java.lang.String, java.lang.String)[pri:0, instance:dataDrivenTC.postEmployee@14d3bc22]" started-at="2020-09-22T10:16:07 CDT" name="postEmployeeMethod" data-provider="dataProviderName" finished-at="2020-09-22T10:16:08 CDT" duration-ms="410" status="PASS">
          <params>
            <param index="0">
              <value>
                <![CDATA[vikrant]]>
              </value>
            </param>
            <param index="1">
              <value>
                <![CDATA[400]]>
              </value>
            </param>
            <param index="2">
              <value>
                <![CDATA[28]]>
              </value>
            </param>
          </params>
          <reporter-output>
          </reporter-output>
        </test-method> <!-- postEmployeeMethod -->
        <test-method signature="postEmployeeMethod(java.lang.String, java.lang.String, java.lang.String)[pri:0, instance:dataDrivenTC.postEmployee@14d3bc22]" started-at="2020-09-22T10:16:08 CDT" name="postEmployeeMethod" data-provider="dataProviderName" finished-at="2020-09-22T10:16:08 CDT" duration-ms="429" status="PASS">
          <params>
            <param index="0">
              <value>
                <![CDATA[raja]]>
              </value>
            </param>
            <param index="1">
              <value>
                <![CDATA[500]]>
              </value>
            </param>
            <param index="2">
              <value>
                <![CDATA[29]]>
              </value>
            </param>
          </params>
          <reporter-output>
          </reporter-output>
        </test-method> <!-- postEmployeeMethod -->
      </class> <!-- dataDrivenTC.postEmployee -->
    </test> <!-- Default test -->
  </suite> <!-- Default suite -->
</testng-results>
